<?xml version="1.0" encoding="UTF-8"?>
<!-- Generated by org.testng.reporters.JUnitReportReporter -->
<testsuite hostname="User" failures="0" tests="2" name="com.amazonepage.Keword" time="68.102" errors="0" timestamp="21 Mar 2020 13:47:33 GMT" skipped="0">
  <testcase classname="com.amazonepage.Keword" name="opnBrowser" time="29.568"/>
  <testcase classname="com.amazonepage.Keword" name="opBrowser" time="38.534"/>
</testsuite> <!-- com.amazonepage.Keword -->
