<?xml version="1.0" encoding="UTF-8"?>
<!-- Generated by org.testng.reporters.JUnitReportReporter -->
<testsuite hostname="User" failures="0" tests="2" name="com.amazonhomepage.SmokeTest" time="39.642" errors="0" timestamp="29 Mar 2020 07:49:03 GMT" skipped="0">
  <testcase classname="com.amazonhomepage.SmokeTest" name="tc_01" time="17.713"/>
  <testcase classname="com.amazonhomepage.SmokeTest" name="tc_02" time="21.929"/>
</testsuite> <!-- com.amazonhomepage.SmokeTest -->
