<?xml version="1.0" encoding="UTF-8"?>
<!-- Generated by org.testng.reporters.JUnitReportReporter -->
<testsuite hostname="User" failures="0" tests="47" name="com.amazonhomepage.SmokeTest" time="277.924" errors="0" timestamp="02 Apr 2020 14:49:39 GMT" skipped="0">
  <testcase classname="com.amazonhomepage.SmokeTest" name="tc_24" time="6.852"/>
  <testcase classname="com.amazonhomepage.SmokeTest" name="tc_41" time="3.413"/>
  <testcase classname="com.amazonhomepage.SmokeTest" name="tc_19" time="2.268"/>
  <testcase classname="com.amazonhomepage.SmokeTest" name="tc_23" time="0.163"/>
  <testcase classname="com.amazonhomepage.SmokeTest" name="tc_01" time="9.095"/>
  <testcase classname="com.amazonhomepage.SmokeTest" name="tc_11" time="0.158"/>
  <testcase classname="com.amazonhomepage.SmokeTest" name="tc_38" time="0.145"/>
  <testcase classname="com.amazonhomepage.SmokeTest" name="tc_32" time="0.115"/>
  <testcase classname="com.amazonhomepage.SmokeTest" name="tc_05" time="0.067"/>
  <testcase classname="com.amazonhomepage.SmokeTest" name="tc_30" time="8.465"/>
  <testcase classname="com.amazonhomepage.SmokeTest" name="tc_34" time="0.159"/>
  <testcase classname="com.amazonhomepage.SmokeTest" name="tc_47" time="0.035"/>
  <testcase classname="com.amazonhomepage.SmokeTest" name="tc_08" time="3.909"/>
  <testcase classname="com.amazonhomepage.SmokeTest" name="tc_42" time="3.759"/>
  <testcase classname="com.amazonhomepage.SmokeTest" name="tc_28" time="0.110"/>
  <testcase classname="com.amazonhomepage.SmokeTest" name="tc_40" time="0.096"/>
  <testcase classname="com.amazonhomepage.SmokeTest" name="tc_14" time="0.130"/>
  <testcase classname="com.amazonhomepage.SmokeTest" name="tc_26" time="0.110"/>
  <testcase classname="com.amazonhomepage.SmokeTest" name="tc_12" time="0.100"/>
  <testcase classname="com.amazonhomepage.SmokeTest" name="tc_22" time="0.135"/>
  <testcase classname="com.amazonhomepage.SmokeTest" name="tc_45" time="0.155"/>
  <testcase classname="com.amazonhomepage.SmokeTest" name="tc_49" time="1.018"/>
  <testcase classname="com.amazonhomepage.SmokeTest" name="tc_13" time="15.091"/>
  <testcase classname="com.amazonhomepage.SmokeTest" name="tc_21" time="0.165"/>
  <testcase classname="com.amazonhomepage.SmokeTest" name="tc_10" time="9.034"/>
  <testcase classname="com.amazonhomepage.SmokeTest" name="tc_48" time="2.191"/>
  <testcase classname="com.amazonhomepage.SmokeTest" name="tc_18" time="0.100"/>
  <testcase classname="com.amazonhomepage.SmokeTest" name="tc_31" time="0.140"/>
  <testcase classname="com.amazonhomepage.SmokeTest" name="tc_39" time="0.111"/>
  <testcase classname="com.amazonhomepage.SmokeTest" name="tc_25" time="0.130"/>
  <testcase classname="com.amazonhomepage.SmokeTest" name="tc_20" time="8.356"/>
  <testcase classname="com.amazonhomepage.SmokeTest" name="tc_33" time="7.330"/>
  <testcase classname="com.amazonhomepage.SmokeTest" name="tc_02" time="10.216"/>
  <testcase classname="com.amazonhomepage.SmokeTest" name="tc_27" time="6.526"/>
  <testcase classname="com.amazonhomepage.SmokeTest" name="tc_36" time="0.115"/>
  <testcase classname="com.amazonhomepage.SmokeTest" name="tc_35" time="0.124"/>
  <testcase classname="com.amazonhomepage.SmokeTest" name="tc_16" time="21.917"/>
  <testcase classname="com.amazonhomepage.SmokeTest" name="tc_37" time="6.933"/>
  <testcase classname="com.amazonhomepage.SmokeTest" name="tc_09" time="0.371"/>
  <testcase classname="com.amazonhomepage.SmokeTest" name="tc_06" time="1.249"/>
  <testcase classname="com.amazonhomepage.SmokeTest" name="tc_04" time="0.028"/>
  <testcase classname="com.amazonhomepage.SmokeTest" name="tc_07" time="21.105"/>
  <testcase classname="com.amazonhomepage.SmokeTest" name="tc_17" time="6.674"/>
  <testcase classname="com.amazonhomepage.SmokeTest" name="tc_29" time="0.198"/>
  <testcase classname="com.amazonhomepage.SmokeTest" name="tc_15" time="2.373"/>
  <testcase classname="com.amazonhomepage.SmokeTest" name="tc_44" time="71.647"/>
  <testcase classname="com.amazonhomepage.SmokeTest" name="tc_46" time="45.343"/>
</testsuite> <!-- com.amazonhomepage.SmokeTest -->
