<?xml version="1.0" encoding="UTF-8"?>
<!-- Generated by org.testng.reporters.JUnitReportReporter -->
<testsuite hostname="User" failures="0" tests="1" name="com.keyworddriven.RegressionTest" time="35.252" errors="0" timestamp="03 Apr 2020 21:29:11 GMT" skipped="0">
  <testcase classname="com.keyworddriven.RegressionTest" name="toVerifyContains" time="35.252"/>
</testsuite> <!-- com.keyworddriven.RegressionTest -->
