<?xml version="1.0" encoding="UTF-8"?>
<!-- Generated by org.testng.reporters.JUnitReportReporter -->
<testsuite hostname="User" failures="0" tests="1" name="com.amazonepage.testCases" time="308.334" errors="0" timestamp="27 Mar 2020 06:58:22 GMT" skipped="0">
  <testcase classname="com.amazonepage.testCases" name="amezonHomePage" time="308.334"/>
</testsuite> <!-- com.amazonepage.testCases -->
